#
# There is insufficient memory for the Java Runtime Environment to continue.
# Native memory allocation (malloc) failed to allocate 32744 bytes for ChunkPool::allocate
# Possible reasons:
#   The system is out of physical RAM or swap space
#   The process is running with CompressedOops enabled, and the Java Heap may be blocking the growth of the native heap
# Possible solutions:
#   Reduce memory load on the system
#   Increase physical memory or swap space
#   Check if swap backing store is full
#   Decrease Java heap size (-Xmx/-Xms)
#   Decrease number of Java threads
#   Decrease Java thread stack sizes (-Xss)
#   Set larger code cache with -XX:ReservedCodeCacheSize=
#   JVM is running with Zero Based Compressed Oops mode in which the Java heap is
#     placed in the first 32GB address space. The Java Heap base address is the
#     maximum limit for the native heap growth. Please use -XX:HeapBaseMinAddress
#     to set the Java Heap base and to place the Java Heap above 32GB virtual address.
# This output file may be truncated or incomplete.
#
#  Out of Memory Error (arena.cpp:78), pid=44372, tid=42292
#
# JRE version: OpenJDK Runtime Environment Temurin-17.0.6+10 (17.0.6+10) (build 17.0.6+10)
# Java VM: OpenJDK 64-Bit Server VM Temurin-17.0.6+10 (17.0.6+10, mixed mode, tiered, compressed oops, compressed class ptrs, g1 gc, windows-amd64)
# No core dump will be written. Minidumps are not enabled by default on client versions of Windows
#

---------------  S U M M A R Y ------------

Command Line: -agentlib:jdwp=transport=dt_socket,server=n,suspend=y,address=localhost:65374 -XX:+ShowCodeDetailsInExceptionMessages com.ecobill.ecobill.EcobillApplication

Host: AMD Ryzen 9 3950X 16-Core Processor            , 32 cores, 31G,  Windows 10 , 64 bit Build 19041 (10.0.19041.3636)
Time: Sat May 18 13:03:13 2024 Arab Standard Time elapsed time: 6.636321 seconds (0d 0h 0m 6s)

---------------  T H R E A D  ---------------

Current thread (0x000001d79f1cef30):  JavaThread "C2 CompilerThread3" daemon [_thread_in_native, id=42292, stack(0x0000001047d00000,0x0000001047e00000)]


Current CompileTask:
C2:   6636 5855       4       org.springframework.core.annotation.AnnotationsScanner::process (55 bytes)

Stack: [0x0000001047d00000,0x0000001047e00000]
Native frames: (J=compiled Java code, j=interpreted, Vv=VM code, C=native code)
V  [jvm.dll+0x67741a]
V  [jvm.dll+0x834434]
V  [jvm.dll+0x835bde]
V  [jvm.dll+0x836243]
V  [jvm.dll+0x2457b5]
V  [jvm.dll+0xabd1c]
V  [jvm.dll+0xac0cc]
V  [jvm.dll+0x36882c]
V  [jvm.dll+0x560238]
V  [jvm.dll+0x55f250]
V  [jvm.dll+0x55fb43]
V  [jvm.dll+0x1bbd7d]
V  [jvm.dll+0x218749]
V  [jvm.dll+0x217a11]
V  [jvm.dll+0x1a3d0d]
V  [jvm.dll+0x22742a]
V  [jvm.dll+0x225565]
V  [jvm.dll+0x7ea2cb]
V  [jvm.dll+0x7e483a]
V  [jvm.dll+0x6762c5]
C  [ucrtbase.dll+0x21bb2]
C  [KERNEL32.DLL+0x17344]
C  [ntdll.dll+0x526b1]


---------------  P R O C E S S  ---------------

Threads class SMR info:
_java_thread_list=0x000001d7a70fc8f0, length=35, elements={
0x000001d7f164d0e0, 0x000001d7f894a170, 0x000001d7f894b120, 0x000001d7fc31f730,
0x000001d7fc322000, 0x000001d7fc3228c0, 0x000001d7fc3239a0, 0x000001d7fc324da0,
0x000001d7fc332dd0, 0x000001d7fc3336d0, 0x000001d7fc486a10, 0x000001d7fc4e3c90,
0x000001d7fc4e6950, 0x000001d7fc4e9150, 0x000001d7fc4ea840, 0x000001d7fc491de0,
0x000001d7fd520020, 0x000001d7fdee3a10, 0x000001d7fe11c0c0, 0x000001d7fdea2aa0,
0x000001d7fe3cd2b0, 0x000001d79f1cef30, 0x000001d7a274e320, 0x000001d7fe2a5590,
0x000001d7fe2a6400, 0x000001d7fe2a5a60, 0x000001d7fe2a68d0, 0x000001d7fe2a4bf0,
0x000001d7fe2a6da0, 0x000001d7fe2a38b0, 0x000001d7a393b760, 0x000001d7a393ad40,
0x000001d7a3939e10, 0x000001d7a393bc70, 0x000001d7a393a830
}

Java Threads: ( => current thread )
  0x000001d7f164d0e0 JavaThread "main" [_thread_in_vm, id=28376, stack(0x0000001045700000,0x0000001045800000)]
  0x000001d7f894a170 JavaThread "Reference Handler" daemon [_thread_blocked, id=44208, stack(0x0000001045e00000,0x0000001045f00000)]
  0x000001d7f894b120 JavaThread "Finalizer" daemon [_thread_blocked, id=42708, stack(0x0000001045f00000,0x0000001046000000)]
  0x000001d7fc31f730 JavaThread "Signal Dispatcher" daemon [_thread_blocked, id=37704, stack(0x0000001046000000,0x0000001046100000)]
  0x000001d7fc322000 JavaThread "Attach Listener" daemon [_thread_blocked, id=13384, stack(0x0000001046100000,0x0000001046200000)]
  0x000001d7fc3228c0 JavaThread "Service Thread" daemon [_thread_blocked, id=35324, stack(0x0000001046200000,0x0000001046300000)]
  0x000001d7fc3239a0 JavaThread "Monitor Deflation Thread" daemon [_thread_blocked, id=44344, stack(0x0000001046300000,0x0000001046400000)]
  0x000001d7fc324da0 JavaThread "C2 CompilerThread0" daemon [_thread_in_native, id=44632, stack(0x0000001046400000,0x0000001046500000)]
  0x000001d7fc332dd0 JavaThread "C1 CompilerThread0" daemon [_thread_in_native, id=32816, stack(0x0000001046500000,0x0000001046600000)]
  0x000001d7fc3336d0 JavaThread "Sweeper thread" daemon [_thread_blocked, id=38024, stack(0x0000001046600000,0x0000001046700000)]
  0x000001d7fc486a10 JavaThread "C1 CompilerThread1" daemon [_thread_blocked, id=43868, stack(0x0000001046700000,0x0000001046800000)]
  0x000001d7fc4e3c90 JavaThread "JDWP Transport Listener: dt_socket" daemon [_thread_blocked, id=17040, stack(0x0000001046900000,0x0000001046a00000)]
  0x000001d7fc4e6950 JavaThread "JDWP Event Helper Thread" daemon [_thread_blocked, id=43196, stack(0x0000001046a00000,0x0000001046b00000)]
  0x000001d7fc4e9150 JavaThread "JDWP Command Reader" daemon [_thread_in_native, id=44432, stack(0x0000001046b00000,0x0000001046c00000)]
  0x000001d7fc4ea840 JavaThread "Notification Thread" daemon [_thread_blocked, id=26880, stack(0x0000001046c00000,0x0000001046d00000)]
  0x000001d7fc491de0 JavaThread "Common-Cleaner" daemon [_thread_blocked, id=27756, stack(0x0000001046800000,0x0000001046900000)]
  0x000001d7fd520020 JavaThread "C2 CompilerThread1" daemon [_thread_in_native, id=44528, stack(0x0000001046e00000,0x0000001046f00000)]
  0x000001d7fdee3a10 JavaThread "C2 CompilerThread2" daemon [_thread_in_native, id=35396, stack(0x0000001046f00000,0x0000001047000000)]
  0x000001d7fe11c0c0 JavaThread "C1 CompilerThread2" daemon [_thread_in_native, id=30280, stack(0x0000001047000000,0x0000001047100000)]
  0x000001d7fdea2aa0 JavaThread "C1 CompilerThread3" daemon [_thread_in_vm, id=42156, stack(0x0000001047100000,0x0000001047200000)]
  0x000001d7fe3cd2b0 JavaThread "C1 CompilerThread4" daemon [_thread_in_native, id=13388, stack(0x0000001047e00000,0x0000001047f00000)]
=>0x000001d79f1cef30 JavaThread "C2 CompilerThread3" daemon [_thread_in_native, id=42292, stack(0x0000001047d00000,0x0000001047e00000)]
  0x000001d7a274e320 JavaThread "C2 CompilerThread4" daemon [_thread_in_native, id=18580, stack(0x0000001048900000,0x0000001048a00000)]
  0x000001d7fe2a5590 JavaThread "Catalina-utility-1" [_thread_blocked, id=3636, stack(0x0000001049200000,0x0000001049300000)]
  0x000001d7fe2a6400 JavaThread "Catalina-utility-2" [_thread_blocked, id=18576, stack(0x0000001049300000,0x0000001049400000)]
  0x000001d7fe2a5a60 JavaThread "container-0" [_thread_blocked, id=7228, stack(0x0000001049400000,0x0000001049500000)]
  0x000001d7fe2a68d0 JavaThread "mysql-cj-abandoned-connection-cleanup" daemon [_thread_blocked, id=29084, stack(0x0000001049500000,0x0000001049600000)]
  0x000001d7fe2a4bf0 JavaThread "PostgreSQL-JDBC-Cleaner" daemon [_thread_blocked, id=14228, stack(0x0000001049700000,0x0000001049800000)]
  0x000001d7fe2a6da0 JavaThread "HikariPool-1 housekeeper" daemon [_thread_blocked, id=43200, stack(0x0000001049800000,0x0000001049900000)]
  0x000001d7fe2a38b0 JavaThread "HikariPool-1 connection adder" daemon [_thread_blocked, id=36312, stack(0x0000001049900000,0x0000001049a00000)]
  0x000001d7a393b760 JavaThread "C2 CompilerThread5" daemon [_thread_in_native, id=39140, stack(0x0000001048a00000,0x0000001048b00000)]
  0x000001d7a393ad40 JavaThread "C2 CompilerThread6" daemon [_thread_in_native, id=172, stack(0x0000001049000000,0x0000001049100000)]
  0x000001d7a3939e10 JavaThread "C2 CompilerThread7" daemon [_thread_in_native, id=44600, stack(0x0000001049a00000,0x0000001049b00000)]
  0x000001d7a393bc70 JavaThread "C2 CompilerThread8" daemon [_thread_in_native, id=42140, stack(0x0000001049b00000,0x0000001049c00000)]
  0x000001d7a393a830 JavaThread "C2 CompilerThread9" daemon [_thread_in_native, id=44388, stack(0x0000001049c00000,0x0000001049d00000)]

Other Threads:
  0x000001d7f89443f0 VMThread "VM Thread" [stack: 0x0000001045d00000,0x0000001045e00000] [id=44168]
  0x000001d7f87a4d50 WatcherThread [stack: 0x0000001046d00000,0x0000001046e00000] [id=20792]
  0x000001d7f17037e0 GCTaskThread "GC Thread#0" [stack: 0x0000001045800000,0x0000001045900000] [id=42516]
  0x000001d7fe328b30 GCTaskThread "GC Thread#1" [stack: 0x0000001047200000,0x0000001047300000] [id=41720]
  0x000001d7fe328de0 GCTaskThread "GC Thread#2" [stack: 0x0000001047300000,0x0000001047400000] [id=43900]
  0x000001d7fe329090 GCTaskThread "GC Thread#3" [stack: 0x0000001047400000,0x0000001047500000] [id=38908]
  0x000001d7fe0f17b0 GCTaskThread "GC Thread#4" [stack: 0x0000001047500000,0x0000001047600000] [id=22272]
  0x000001d7fe0f1a60 GCTaskThread "GC Thread#5" [stack: 0x0000001047600000,0x0000001047700000] [id=43608]
  0x000001d7fe323040 GCTaskThread "GC Thread#6" [stack: 0x0000001047700000,0x0000001047800000] [id=44156]
  0x000001d7fe0e86f0 GCTaskThread "GC Thread#7" [stack: 0x0000001047800000,0x0000001047900000] [id=44140]
  0x000001d7fe0e7ee0 GCTaskThread "GC Thread#8" [stack: 0x0000001047900000,0x0000001047a00000] [id=8480]
  0x000001d7fe0e99c0 GCTaskThread "GC Thread#9" [stack: 0x0000001047a00000,0x0000001047b00000] [id=44312]
  0x000001d7fe0e89a0 GCTaskThread "GC Thread#10" [stack: 0x0000001047b00000,0x0000001047c00000] [id=7704]
  0x000001d7fe0e8c50 GCTaskThread "GC Thread#11" [stack: 0x0000001047c00000,0x0000001047d00000] [id=23952]
  0x000001d7fe0e91b0 GCTaskThread "GC Thread#12" [stack: 0x0000001047f00000,0x0000001048000000] [id=42768]
  0x000001d79efa5900 GCTaskThread "GC Thread#13" [stack: 0x0000001048500000,0x0000001048600000] [id=41792]
  0x000001d79efa53a0 GCTaskThread "GC Thread#14" [stack: 0x0000001048600000,0x0000001048700000] [id=32448]
  0x000001d7a0d10f40 GCTaskThread "GC Thread#15" [stack: 0x0000001048700000,0x0000001048800000] [id=43592]
  0x000001d7a0d0fc70 GCTaskThread "GC Thread#16" [stack: 0x0000001048800000,0x0000001048900000] [id=44508]
  0x000001d7a0d0ff20 GCTaskThread "GC Thread#17" [stack: 0x0000001048b00000,0x0000001048c00000] [id=42880]
  0x000001d7a0d10730 GCTaskThread "GC Thread#18" [stack: 0x0000001048c00000,0x0000001048d00000] [id=29392]
  0x000001d7a0d0f1b0 GCTaskThread "GC Thread#19" [stack: 0x0000001048d00000,0x0000001048e00000] [id=41852]
  0x000001d7a0d101d0 GCTaskThread "GC Thread#20" [stack: 0x0000001048e00000,0x0000001048f00000] [id=38380]
  0x000001d7a0d111f0 GCTaskThread "GC Thread#21" [stack: 0x0000001048f00000,0x0000001049000000] [id=18668]
  0x000001d7a0d0e440 GCTaskThread "GC Thread#22" [stack: 0x0000001049100000,0x0000001049200000] [id=40324]
  0x000001d7f1672110 ConcurrentGCThread "G1 Main Marker" [stack: 0x0000001045900000,0x0000001045a00000] [id=24648]
  0x000001d7f170c780 ConcurrentGCThread "G1 Conc#0" [stack: 0x0000001045a00000,0x0000001045b00000] [id=23576]
  0x000001d7fe0e9460 ConcurrentGCThread "G1 Conc#1" [stack: 0x0000001048000000,0x0000001048100000] [id=18460]
  0x000001d7fe0e9710 ConcurrentGCThread "G1 Conc#2" [stack: 0x0000001048100000,0x0000001048200000] [id=40996]
  0x000001d7fe0e8440 ConcurrentGCThread "G1 Conc#3" [stack: 0x0000001048200000,0x0000001048300000] [id=41908]
  0x000001d79efa4b90 ConcurrentGCThread "G1 Conc#4" [stack: 0x0000001048300000,0x0000001048400000] [id=41248]
  0x000001d79efa4630 ConcurrentGCThread "G1 Conc#5" [stack: 0x0000001048400000,0x0000001048500000] [id=44784]
  0x000001d7f889ba00 ConcurrentGCThread "G1 Refine#0" [stack: 0x0000001045b00000,0x0000001045c00000] [id=17612]
  0x000001d7f889c420 ConcurrentGCThread "G1 Service" [stack: 0x0000001045c00000,0x0000001045d00000] [id=43956]

Threads with active compile tasks:
C2 CompilerThread0     6650 5866       4       org.springframework.core.annotation.AnnotationsScanner::processMethodAnnotations (98 bytes)
C1 CompilerThread0     6650 6160       3       java.lang.reflect.Method::specificToStringHeader (44 bytes)
C2 CompilerThread1     6650 6079   !   4       org.springframework.core.annotation.AnnotationsScanner::processClassHierarchy (234 bytes)
C2 CompilerThread2     6650 5688       4       org.springframework.core.annotation.AnnotationsScanner::processMethod (97 bytes)
C1 CompilerThread2     6650 6157       3       java.lang.reflect.Executable::printModifiersIfNonzero (101 bytes)
C1 CompilerThread3     6650 6158       3       java.lang.reflect.Modifier::toString (185 bytes)
C1 CompilerThread4     6650 6156   !   3       java.lang.reflect.Executable::sharedToString (138 bytes)
C2 CompilerThread3     6650 5855       4       org.springframework.core.annotation.AnnotationsScanner::process (55 bytes)
C2 CompilerThread4     6650 5839   !   4       org.springframework.util.ClassUtils::getMostSpecificMethod (72 bytes)
C2 CompilerThread5     6650 6006       4       org.springframework.beans.factory.support.AbstractBeanFactory::isTypeMatch (619 bytes)
C2 CompilerThread6     6650 5759       4       org.springframework.core.annotation.AnnotationsScanner::getBaseTypeMethods (145 bytes)
C2 CompilerThread7     6650 5772   !   4       org.springframework.core.annotation.AnnotationsScanner::processMethodHierarchy (276 bytes)
C2 CompilerThread8     6650 5775       4       org.springframework.core.annotation.TypeMappedAnnotations::scan (66 bytes)
C2 CompilerThread9     6650 5854       4       org.springframework.core.annotation.AnnotationsScanner::scan (21 bytes)

VM state: not at safepoint (normal execution)

VM Mutex/Monitor currently owned by a thread:  ([mutex/lock_event])
[0x000001d7f1646ee0] Compile_lock - owner thread: 0x000001d7fc486a10

Heap address: 0x0000000601000000, size: 8176 MB, Compressed Oops mode: Zero based, Oop shift amount: 3

CDS archive(s) not mapped
Compressed class space mapped at: 0x0000000800000000-0x0000000840000000, reserved size: 1073741824
Narrow klass base: 0x0000000800000000, Narrow klass shift: 0, Narrow klass range: 0x40000000

GC Precious Log:
 CPUs: 32 total, 32 available
 Memory: 32690M
 Large Page Support: Disabled
 NUMA Support: Disabled
 Compressed Oops: Enabled (Zero based)
 Heap Region Size: 4M
 Heap Min Capacity: 8M
 Heap Initial Capacity: 512M
 Heap Max Capacity: 8176M
 Pre-touch: Disabled
 Parallel Workers: 23
 Concurrent Workers: 6
 Concurrent Refinement Workers: 23
 Periodic GC: Disabled

Heap:
 garbage-first heap   total 81920K, used 26629K [0x0000000601000000, 0x0000000800000000)
  region size 4096K, 3 young (12288K), 2 survivors (8192K)
 Metaspace       used 66092K, committed 66624K, reserved 1114112K
  class space    used 8742K, committed 8960K, reserved 1048576K

Heap Regions: E=young(eden), S=young(survivor), O=old, HS=humongous(starts), HC=humongous(continues), CS=collection set, F=free, OA=open archive, CA=closed archive, TAMS=top-at-mark-start (previous, next)
|   0|0x0000000601000000, 0x0000000601400000, 0x0000000601400000|100%| O|  |TAMS 0x0000000601400000, 0x0000000601000000| Untracked 
|   1|0x0000000601400000, 0x000000060152de00, 0x0000000601800000| 29%| O|  |TAMS 0x0000000601400000, 0x0000000601400000| Untracked 
|   2|0x0000000601800000, 0x0000000601c00000, 0x0000000601c00000|100%| O|  |TAMS 0x0000000601c00000, 0x0000000601800000| Untracked 
|   3|0x0000000601c00000, 0x0000000602000000, 0x0000000602000000|100%| O|  |TAMS 0x0000000602000000, 0x0000000601c00000| Untracked 
|   4|0x0000000602000000, 0x0000000602400000, 0x0000000602400000|100%| O|  |TAMS 0x0000000602400000, 0x0000000602000000| Untracked 
|   5|0x0000000602400000, 0x0000000602800000, 0x0000000602800000|100%| O|  |TAMS 0x0000000602714000, 0x0000000602400000| Untracked 
|   6|0x0000000602800000, 0x0000000602800000, 0x0000000602c00000|  0%| F|  |TAMS 0x0000000602800000, 0x0000000602800000| Untracked 
|   7|0x0000000602c00000, 0x0000000602cd3640, 0x0000000603000000| 20%| S|CS|TAMS 0x0000000602c00000, 0x0000000602c00000| Complete 
|   8|0x0000000603000000, 0x0000000603000000, 0x0000000603400000|  0%| F|  |TAMS 0x0000000603000000, 0x0000000603000000| Untracked 
|   9|0x0000000603400000, 0x0000000603400000, 0x0000000603800000|  0%| F|  |TAMS 0x0000000603400000, 0x0000000603400000| Untracked 
|  10|0x0000000603800000, 0x0000000603c00000, 0x0000000603c00000|100%| S|CS|TAMS 0x0000000603800000, 0x0000000603800000| Complete 
|  11|0x0000000603c00000, 0x0000000603c00000, 0x0000000604000000|  0%| F|  |TAMS 0x0000000603c00000, 0x0000000603c00000| Untracked 
|  12|0x0000000604000000, 0x0000000604000000, 0x0000000604400000|  0%| F|  |TAMS 0x0000000604000000, 0x0000000604000000| Untracked 
|  13|0x0000000604400000, 0x0000000604400000, 0x0000000604800000|  0%| F|  |TAMS 0x0000000604400000, 0x0000000604400000| Untracked 
|  14|0x0000000604800000, 0x0000000604800000, 0x0000000604c00000|  0%| F|  |TAMS 0x0000000604800000, 0x0000000604800000| Untracked 
|  15|0x0000000604c00000, 0x0000000604c00000, 0x0000000605000000|  0%| F|  |TAMS 0x0000000604c00000, 0x0000000604c00000| Untracked 
|  16|0x0000000605000000, 0x0000000605000000, 0x0000000605400000|  0%| F|  |TAMS 0x0000000605000000, 0x0000000605000000| Untracked 
|  17|0x0000000605400000, 0x0000000605400000, 0x0000000605800000|  0%| F|  |TAMS 0x0000000605400000, 0x0000000605400000| Untracked 
|  18|0x0000000605800000, 0x0000000605800000, 0x0000000605c00000|  0%| F|  |TAMS 0x0000000605800000, 0x0000000605800000| Untracked 
| 127|0x0000000620c00000, 0x0000000620de0648, 0x0000000621000000| 46%| E|  |TAMS 0x0000000620c00000, 0x0000000620c00000| Complete 

Card table byte_map: [0x000001d7f6600000,0x000001d7f7600000] _byte_map_base: 0x000001d7f35f8000

Marking Bits (Prev, Next): (CMBitMap*) 0x000001d7f1703e30, (CMBitMap*) 0x000001d7f1703df0
 Prev Bits: [0x000001d796fc0000, 0x000001d79ef80000)
 Next Bits: [0x000001d78f000000, 0x000001d796fc0000)

Polling page: 0x000001d7ef2e0000

Metaspace:

Usage:
  Non-class:     56.01 MB used.
      Class:      8.54 MB used.
       Both:     64.54 MB used.

Virtual space:
  Non-class space:       64.00 MB reserved,      56.31 MB ( 88%) committed,  8 nodes.
      Class space:        1.00 GB reserved,       8.75 MB ( <1%) committed,  1 nodes.
             Both:        1.06 GB reserved,      65.06 MB (  6%) committed. 

Chunk freelists:
   Non-Class:  3.55 MB
       Class:  3.19 MB
        Both:  6.73 MB

MaxMetaspaceSize: unlimited
CompressedClassSpaceSize: 1.00 GB
Initial GC threshold: 21.00 MB
Current GC threshold: 98.56 MB
CDS: off
MetaspaceReclaimPolicy: balanced
 - commit_granule_bytes: 65536.
 - commit_granule_words: 8192.
 - virtual_space_node_default_size: 1048576.
 - enlarge_chunks_in_place: 1.
 - new_chunks_are_fully_committed: 0.
 - uncommit_free_chunks: 1.
 - use_allocation_guard: 0.
 - handle_deallocations: 1.


Internal statistics:

num_allocs_failed_limit: 9.
num_arena_births: 706.
num_arena_deaths: 0.
num_vsnodes_births: 9.
num_vsnodes_deaths: 0.
num_space_committed: 1041.
num_space_uncommitted: 0.
num_chunks_returned_to_freelist: 9.
num_chunks_taken_from_freelist: 2826.
num_chunk_merges: 9.
num_chunk_splits: 2059.
num_chunks_enlarged: 1632.
num_purges: 0.
num_inconsistent_stats: 0.

CodeHeap 'non-profiled nmethods': size=118848Kb used=4375Kb max_used=4375Kb free=114473Kb
 bounds [0x000001d787bf0000, 0x000001d788040000, 0x000001d78f000000]
CodeHeap 'profiled nmethods': size=118848Kb used=10958Kb max_used=10958Kb free=107889Kb
 bounds [0x000001d780000000, 0x000001d780ac0000, 0x000001d787410000]
CodeHeap 'non-nmethods': size=8064Kb used=3662Kb max_used=3712Kb free=4401Kb
 bounds [0x000001d787410000, 0x000001d7877f0000, 0x000001d787bf0000]
 total_blobs=6028 nmethods=5382 adapters=551
 compilation: enabled
              stopped_count=0, restarted_count=0
 full_count=0

Compilation events (20 events):
Event: 6.603 Thread 0x000001d7fc486a10 nmethod 6126 0x000001d780aa5390 code [0x000001d780aa5560, 0x000001d780aa5898]
Event: 6.603 Thread 0x000001d7fc486a10 6128       3       sun.nio.fs.WindowsPath::checkRead (17 bytes)
Event: 6.603 Thread 0x000001d7fc332dd0 nmethod 6127 0x000001d780aa5a10 code [0x000001d780aa5c00, 0x000001d780aa6178]
Event: 6.604 Thread 0x000001d7fc486a10 nmethod 6128 0x000001d780aa6310 code [0x000001d780aa64c0, 0x000001d780aa6808]
Event: 6.604 Thread 0x000001d7fc332dd0 6129       3       org.springframework.util.AntPathMatcher::tokenizePattern (91 bytes)
Event: 6.605 Thread 0x000001d7fc486a10 6130   !   3       sun.nio.fs.WindowsDirectoryStream$WindowsDirectoryIterator::acceptEntry (71 bytes)
Event: 6.605 Thread 0x000001d7fc332dd0 nmethod 6129 0x000001d780aa6990 code [0x000001d780aa6be0, 0x000001d780aa7678]
Event: 6.606 Thread 0x000001d7fc486a10 nmethod 6130 0x000001d780aa7990 code [0x000001d780aa7c00, 0x000001d780aa8478]
Event: 6.607 Thread 0x000001d7fc332dd0 6131       3       org.springframework.core.type.AnnotationMetadata::hasMetaAnnotation (23 bytes)
Event: 6.607 Thread 0x000001d7fc332dd0 nmethod 6131 0x000001d780aa8890 code [0x000001d780aa8a80, 0x000001d780aa8f68]
Event: 6.609 Thread 0x000001d7fdea2aa0 6132       1       org.springframework.dao.annotation.PersistenceExceptionTranslationAdvisor::getPointcut (5 bytes)
Event: 6.609 Thread 0x000001d7fc486a10 6133       1       org.springframework.aop.support.annotation.AnnotationMatchingPointcut::getClassFilter (5 bytes)
Event: 6.609 Thread 0x000001d7fc486a10 nmethod 6133 0x000001d788034d10 code [0x000001d788034ea0, 0x000001d788034f78]
Event: 6.609 Thread 0x000001d7fdea2aa0 nmethod 6132 0x000001d788035010 code [0x000001d7880351a0, 0x000001d788035278]
Event: 6.612 Thread 0x000001d7fc332dd0 6134   !   3       jdk.proxy2.$Proxy27::annotationType (29 bytes)
Event: 6.612 Thread 0x000001d7fc332dd0 nmethod 6134 0x000001d780aa9110 code [0x000001d780aa92e0, 0x000001d780aa9738]
Event: 6.622 Thread 0x000001d7fc332dd0 6137       3       com.fasterxml.jackson.databind.module.SimpleModule::_checkNotNull (26 bytes)
Event: 6.622 Thread 0x000001d7fdea2aa0 6138       1       com.fasterxml.jackson.databind.type.ClassKey::hashCode (5 bytes)
Event: 6.629 Thread 0x000001d7fdea2aa0 nmethod 6138 0x000001d788035310 code [0x000001d7880354a0, 0x000001d788035578]
Event: 6.629 Thread 0x000001d7fc332dd0 nmethod 6137 0x000001d780aa9910 code [0x000001d780aa9b80, 0x000001d780aaa718]

GC Heap History (20 events):
Event: 1.927 GC heap before
{Heap before GC invocations=5 (full 0):
 garbage-first heap   total 57344K, used 16548K [0x0000000601000000, 0x0000000800000000)
  region size 4096K, 2 young (8192K), 1 survivors (4096K)
 Metaspace       used 25149K, committed 25408K, reserved 1073152K
  class space    used 2903K, committed 3008K, reserved 1048576K
}
Event: 1.931 GC heap after
{Heap after GC invocations=6 (full 0):
 garbage-first heap   total 57344K, used 12312K [0x0000000601000000, 0x0000000800000000)
  region size 4096K, 1 young (4096K), 1 survivors (4096K)
 Metaspace       used 25149K, committed 25408K, reserved 1073152K
  class space    used 2903K, committed 3008K, reserved 1048576K
}
Event: 2.275 GC heap before
{Heap before GC invocations=6 (full 0):
 garbage-first heap   total 57344K, used 32792K [0x0000000601000000, 0x0000000800000000)
  region size 4096K, 6 young (24576K), 1 survivors (4096K)
 Metaspace       used 28156K, committed 28416K, reserved 1081344K
  class space    used 3305K, committed 3392K, reserved 1048576K
}
Event: 2.278 GC heap after
{Heap after GC invocations=7 (full 0):
 garbage-first heap   total 57344K, used 13568K [0x0000000601000000, 0x0000000800000000)
  region size 4096K, 1 young (4096K), 1 survivors (4096K)
 Metaspace       used 28156K, committed 28416K, reserved 1081344K
  class space    used 3305K, committed 3392K, reserved 1048576K
}
Event: 2.753 GC heap before
{Heap before GC invocations=7 (full 0):
 garbage-first heap   total 57344K, used 34048K [0x0000000601000000, 0x0000000800000000)
  region size 4096K, 6 young (24576K), 1 survivors (4096K)
 Metaspace       used 32111K, committed 32448K, reserved 1081344K
  class space    used 3898K, committed 4096K, reserved 1048576K
}
Event: 2.759 GC heap after
{Heap after GC invocations=8 (full 0):
 garbage-first heap   total 57344K, used 15737K [0x0000000601000000, 0x0000000800000000)
  region size 4096K, 1 young (4096K), 1 survivors (4096K)
 Metaspace       used 32111K, committed 32448K, reserved 1081344K
  class space    used 3898K, committed 4096K, reserved 1048576K
}
Event: 3.180 GC heap before
{Heap before GC invocations=8 (full 0):
 garbage-first heap   total 57344K, used 28025K [0x0000000601000000, 0x0000000800000000)
  region size 4096K, 5 young (20480K), 1 survivors (4096K)
 Metaspace       used 35797K, committed 36160K, reserved 1081344K
  class space    used 4335K, committed 4544K, reserved 1048576K
}
Event: 3.192 GC heap after
{Heap after GC invocations=9 (full 0):
 garbage-first heap   total 290816K, used 17565K [0x0000000601000000, 0x0000000800000000)
  region size 4096K, 1 young (4096K), 1 survivors (4096K)
 Metaspace       used 35797K, committed 36160K, reserved 1081344K
  class space    used 4335K, committed 4544K, reserved 1048576K
}
Event: 4.219 GC heap before
{Heap before GC invocations=10 (full 0):
 garbage-first heap   total 81920K, used 62621K [0x0000000601000000, 0x0000000800000000)
  region size 4096K, 12 young (49152K), 1 survivors (4096K)
 Metaspace       used 46844K, committed 47232K, reserved 1097728K
  class space    used 5890K, committed 6080K, reserved 1048576K
}
Event: 4.222 GC heap after
{Heap after GC invocations=11 (full 0):
 garbage-first heap   total 81920K, used 19674K [0x0000000601000000, 0x0000000800000000)
  region size 4096K, 1 young (4096K), 1 survivors (4096K)
 Metaspace       used 46844K, committed 47232K, reserved 1097728K
  class space    used 5890K, committed 6080K, reserved 1048576K
}
Event: 4.292 GC heap before
{Heap before GC invocations=11 (full 0):
 garbage-first heap   total 81920K, used 23770K [0x0000000601000000, 0x0000000800000000)
  region size 4096K, 2 young (8192K), 1 survivors (4096K)
 Metaspace       used 47711K, committed 48192K, reserved 1097728K
  class space    used 6001K, committed 6208K, reserved 1048576K
}
Event: 4.297 GC heap after
{Heap after GC invocations=12 (full 0):
 garbage-first heap   total 81920K, used 20308K [0x0000000601000000, 0x0000000800000000)
  region size 4096K, 1 young (4096K), 1 survivors (4096K)
 Metaspace       used 47711K, committed 48192K, reserved 1097728K
  class space    used 6001K, committed 6208K, reserved 1048576K
}
Event: 5.112 GC heap before
{Heap before GC invocations=12 (full 0):
 garbage-first heap   total 81920K, used 57172K [0x0000000601000000, 0x0000000800000000)
  region size 4096K, 10 young (40960K), 1 survivors (4096K)
 Metaspace       used 56809K, committed 57280K, reserved 1105920K
  class space    used 7399K, committed 7616K, reserved 1048576K
}
Event: 5.116 GC heap after
{Heap after GC invocations=13 (full 0):
 garbage-first heap   total 81920K, used 21840K [0x0000000601000000, 0x0000000800000000)
  region size 4096K, 1 young (4096K), 1 survivors (4096K)
 Metaspace       used 56809K, committed 57280K, reserved 1105920K
  class space    used 7399K, committed 7616K, reserved 1048576K
}
Event: 5.451 GC heap before
{Heap before GC invocations=13 (full 0):
 garbage-first heap   total 81920K, used 34128K [0x0000000601000000, 0x0000000800000000)
  region size 4096K, 5 young (20480K), 1 survivors (4096K)
 Metaspace       used 60004K, committed 60416K, reserved 1105920K
  class space    used 7843K, committed 8064K, reserved 1048576K
}
Event: 5.454 GC heap after
{Heap after GC invocations=14 (full 0):
 garbage-first heap   total 81920K, used 23066K [0x0000000601000000, 0x0000000800000000)
  region size 4096K, 1 young (4096K), 1 survivors (4096K)
 Metaspace       used 60004K, committed 60416K, reserved 1105920K
  class space    used 7843K, committed 8064K, reserved 1048576K
}
Event: 5.946 GC heap before
{Heap before GC invocations=15 (full 0):
 garbage-first heap   total 81920K, used 59930K [0x0000000601000000, 0x0000000800000000)
  region size 4096K, 10 young (40960K), 1 survivors (4096K)
 Metaspace       used 63487K, committed 64000K, reserved 1105920K
  class space    used 8394K, committed 8640K, reserved 1048576K
}
Event: 5.953 GC heap after
{Heap after GC invocations=16 (full 0):
 garbage-first heap   total 81920K, used 24646K [0x0000000601000000, 0x0000000800000000)
  region size 4096K, 2 young (8192K), 2 survivors (8192K)
 Metaspace       used 63487K, committed 64000K, reserved 1105920K
  class space    used 8394K, committed 8640K, reserved 1048576K
}
Event: 6.622 GC heap before
{Heap before GC invocations=16 (full 0):
 garbage-first heap   total 81920K, used 61510K [0x0000000601000000, 0x0000000800000000)
  region size 4096K, 11 young (45056K), 2 survivors (8192K)
 Metaspace       used 65896K, committed 66432K, reserved 1114112K
  class space    used 8724K, committed 8960K, reserved 1048576K
}
Event: 6.628 GC heap after
{Heap after GC invocations=17 (full 0):
 garbage-first heap   total 81920K, used 26629K [0x0000000601000000, 0x0000000800000000)
  region size 4096K, 2 young (8192K), 2 survivors (8192K)
 Metaspace       used 65896K, committed 66432K, reserved 1114112K
  class space    used 8724K, committed 8960K, reserved 1048576K
}

Dll operation events (9 events):
Event: 0.005 Loaded shared library C:\Users\Administrator\.vscode\extensions\redhat.java-1.16.0-win32-x64\jre\17.0.6-win32-x86_64\bin\java.dll
Event: 0.713 Loaded shared library C:\Users\Administrator\.vscode\extensions\redhat.java-1.16.0-win32-x64\jre\17.0.6-win32-x86_64\bin\net.dll
Event: 0.714 Loaded shared library C:\Users\Administrator\.vscode\extensions\redhat.java-1.16.0-win32-x64\jre\17.0.6-win32-x86_64\bin\nio.dll
Event: 0.719 Loaded shared library C:\Users\Administrator\.vscode\extensions\redhat.java-1.16.0-win32-x64\jre\17.0.6-win32-x86_64\bin\zip.dll
Event: 0.821 Loaded shared library C:\Users\Administrator\.vscode\extensions\redhat.java-1.16.0-win32-x64\jre\17.0.6-win32-x86_64\bin\jimage.dll
Event: 3.037 Loaded shared library C:\Users\Administrator\.vscode\extensions\redhat.java-1.16.0-win32-x64\jre\17.0.6-win32-x86_64\bin\sunmscapi.dll
Event: 3.070 Loaded shared library C:\Users\Administrator\.vscode\extensions\redhat.java-1.16.0-win32-x64\jre\17.0.6-win32-x86_64\bin\management.dll
Event: 3.073 Loaded shared library C:\Users\Administrator\.vscode\extensions\redhat.java-1.16.0-win32-x64\jre\17.0.6-win32-x86_64\bin\management_ext.dll
Event: 3.742 Loaded shared library C:\Users\Administrator\.vscode\extensions\redhat.java-1.16.0-win32-x64\jre\17.0.6-win32-x86_64\bin\verify.dll

Deoptimization events (20 events):
Event: 6.535 Thread 0x000001d7f164d0e0 DEOPT PACKING pc=0x000001d788022300 sp=0x00000010457fa810
Event: 6.535 Thread 0x000001d7f164d0e0 DEOPT UNPACKING pc=0x000001d7874669a3 sp=0x00000010457fa878 mode 2
Event: 6.568 Thread 0x000001d7f164d0e0 DEOPT PACKING pc=0x000001d780754bf4 sp=0x00000010457f8b20
Event: 6.568 Thread 0x000001d7f164d0e0 DEOPT UNPACKING pc=0x000001d787467143 sp=0x00000010457f7ff0 mode 1
Event: 6.571 Thread 0x000001d7f164d0e0 Uncommon trap: trap_request=0xffffffde fr.pc=0x000001d787d12110 relative=0x00000000000000d0
Event: 6.571 Thread 0x000001d7f164d0e0 Uncommon trap: reason=class_check action=maybe_recompile pc=0x000001d787d12110 method=org.springframework.core.SerializableTypeWrapper.unwrap(Ljava/lang/reflect/Type;)Ljava/lang/reflect/Type; @ 20 c2
Event: 6.571 Thread 0x000001d7f164d0e0 DEOPT PACKING pc=0x000001d787d12110 sp=0x00000010457f8c60
Event: 6.571 Thread 0x000001d7f164d0e0 DEOPT UNPACKING pc=0x000001d7874669a3 sp=0x00000010457f8bf8 mode 2
Event: 6.571 Thread 0x000001d7f164d0e0 Uncommon trap: trap_request=0xffffffde fr.pc=0x000001d787d12110 relative=0x00000000000000d0
Event: 6.571 Thread 0x000001d7f164d0e0 Uncommon trap: reason=class_check action=maybe_recompile pc=0x000001d787d12110 method=org.springframework.core.SerializableTypeWrapper.unwrap(Ljava/lang/reflect/Type;)Ljava/lang/reflect/Type; @ 20 c2
Event: 6.571 Thread 0x000001d7f164d0e0 DEOPT PACKING pc=0x000001d787d12110 sp=0x00000010457f8a70
Event: 6.571 Thread 0x000001d7f164d0e0 DEOPT UNPACKING pc=0x000001d7874669a3 sp=0x00000010457f8a08 mode 2
Event: 6.572 Thread 0x000001d7f164d0e0 Uncommon trap: trap_request=0xffffffde fr.pc=0x000001d787d12120 relative=0x00000000000000e0
Event: 6.572 Thread 0x000001d7f164d0e0 Uncommon trap: reason=class_check action=maybe_recompile pc=0x000001d787d12120 method=org.springframework.core.SerializableTypeWrapper.unwrap(Ljava/lang/reflect/Type;)Ljava/lang/reflect/Type; @ 10 c2
Event: 6.572 Thread 0x000001d7f164d0e0 DEOPT PACKING pc=0x000001d787d12120 sp=0x00000010457f8950
Event: 6.572 Thread 0x000001d7f164d0e0 DEOPT UNPACKING pc=0x000001d7874669a3 sp=0x00000010457f88e8 mode 2
Event: 6.579 Thread 0x000001d7f164d0e0 Uncommon trap: trap_request=0xffffffde fr.pc=0x000001d787d12110 relative=0x00000000000000d0
Event: 6.579 Thread 0x000001d7f164d0e0 Uncommon trap: reason=class_check action=maybe_recompile pc=0x000001d787d12110 method=org.springframework.core.SerializableTypeWrapper.unwrap(Ljava/lang/reflect/Type;)Ljava/lang/reflect/Type; @ 20 c2
Event: 6.579 Thread 0x000001d7f164d0e0 DEOPT PACKING pc=0x000001d787d12110 sp=0x00000010457f8c60
Event: 6.579 Thread 0x000001d7f164d0e0 DEOPT UNPACKING pc=0x000001d7874669a3 sp=0x00000010457f8bf8 mode 2

Classes unloaded (0 events):
No events

Classes redefined (0 events):
No events

Internal exceptions (20 events):
Event: 5.725 Thread 0x000001d7f164d0e0 Exception <a 'java/lang/reflect/InvocationTargetException'{0x0000000604513dc0}> (0x0000000604513dc0) 
thrown [s\src\hotspot\share\runtime\reflection.cpp, line 1121]
Event: 5.731 Thread 0x000001d7f164d0e0 Exception <a 'java/lang/reflect/InvocationTargetException'{0x0000000604530830}> (0x0000000604530830) 
thrown [s\src\hotspot\share\runtime\reflection.cpp, line 1121]
Event: 5.734 Thread 0x000001d7f164d0e0 Exception <a 'java/lang/reflect/InvocationTargetException'{0x000000060453e110}> (0x000000060453e110) 
thrown [s\src\hotspot\share\runtime\reflection.cpp, line 1121]
Event: 5.781 Thread 0x000001d7f164d0e0 Exception <a 'java/lang/NoSuchMethodError'{0x00000006046b29f0}: 'java.lang.Object java.lang.invoke.Invokers$Holder.invoker(java.lang.Object, java.lang.Object, java.lang.Object, java.lang.Object)'> (0x00000006046b29f0) 
thrown [s\src\hotspot\share\interpreter\linkResolver.cpp, line 759]
Event: 5.781 Thread 0x000001d7f164d0e0 Exception <a 'java/lang/NoSuchMethodError'{0x00000006046bc708}: 'int java.lang.invoke.DirectMethodHandle$Holder.invokeSpecial(java.lang.Object, java.lang.Object, java.lang.Object, int)'> (0x00000006046bc708) 
thrown [s\src\hotspot\share\interpreter\linkResolver.cpp, line 759]
Event: 5.782 Thread 0x000001d7f164d0e0 Exception <a 'java/lang/NoSuchMethodError'{0x00000006046ceb78}: 'java.lang.Object java.lang.invoke.DirectMethodHandle$Holder.invokeStatic(java.lang.Object, java.lang.Object, java.lang.Object, java.lang.Object, int)'> (0x00000006046ceb78) 
thrown [s\src\hotspot\share\interpreter\linkResolver.cpp, line 759]
Event: 5.783 Thread 0x000001d7f164d0e0 Exception <a 'java/lang/NoSuchMethodError'{0x00000006046d9538}: 'void java.lang.invoke.DelegatingMethodHandle$Holder.reinvoke_L(java.lang.Object, java.lang.Object, int)'> (0x00000006046d9538) 
thrown [s\src\hotspot\share\interpreter\linkResolver.cpp, line 759]
Event: 5.783 Thread 0x000001d7f164d0e0 Exception <a 'java/lang/NoSuchMethodError'{0x00000006046e74d8}: 'java.lang.Object java.lang.invoke.Invokers$Holder.invokeExact_MT(java.lang.Object, java.lang.Object, java.lang.Object, java.lang.Object)'> (0x00000006046e74d8) 
thrown [s\src\hotspot\share\interpreter\linkResolver.cpp, line 759]
Event: 5.898 Thread 0x000001d7f164d0e0 Exception <a 'java/lang/reflect/InvocationTargetException'{0x0000000603a745a0}> (0x0000000603a745a0) 
thrown [s\src\hotspot\share\runtime\reflection.cpp, line 1121]
Event: 5.904 Thread 0x000001d7f164d0e0 Exception <a 'java/lang/reflect/InvocationTargetException'{0x0000000603a8c9d0}> (0x0000000603a8c9d0) 
thrown [s\src\hotspot\share\runtime\reflection.cpp, line 1121]
Event: 5.906 Thread 0x000001d7f164d0e0 Exception <a 'java/lang/reflect/InvocationTargetException'{0x0000000603a9a020}> (0x0000000603a9a020) 
thrown [s\src\hotspot\share\runtime\reflection.cpp, line 1121]
Event: 5.919 Thread 0x000001d7f164d0e0 Exception <a 'java/lang/reflect/InvocationTargetException'{0x0000000603ac3978}> (0x0000000603ac3978) 
thrown [s\src\hotspot\share\runtime\reflection.cpp, line 1121]
Event: 5.924 Thread 0x000001d7f164d0e0 Exception <a 'java/lang/reflect/InvocationTargetException'{0x0000000603ad5a58}> (0x0000000603ad5a58) 
thrown [s\src\hotspot\share\runtime\reflection.cpp, line 1121]
Event: 5.927 Thread 0x000001d7f164d0e0 Exception <a 'java/lang/reflect/InvocationTargetException'{0x0000000603aec108}> (0x0000000603aec108) 
thrown [s\src\hotspot\share\runtime\reflection.cpp, line 1121]
Event: 5.973 Thread 0x000001d7f164d0e0 Exception <a 'java/lang/reflect/InvocationTargetException'{0x0000000605bf6770}> (0x0000000605bf6770) 
thrown [s\src\hotspot\share\runtime\reflection.cpp, line 1121]
Event: 5.985 Thread 0x000001d7f164d0e0 Exception <a 'java/lang/reflect/InvocationTargetException'{0x0000000605412338}> (0x0000000605412338) 
thrown [s\src\hotspot\share\runtime\reflection.cpp, line 1121]
Event: 5.988 Thread 0x000001d7f164d0e0 Exception <a 'java/lang/reflect/InvocationTargetException'{0x000000060541df00}> (0x000000060541df00) 
thrown [s\src\hotspot\share\runtime\reflection.cpp, line 1121]
Event: 5.995 Thread 0x000001d7f164d0e0 Exception <a 'java/lang/reflect/InvocationTargetException'{0x0000000605433d50}> (0x0000000605433d50) 
thrown [s\src\hotspot\share\runtime\reflection.cpp, line 1121]
Event: 6.019 Thread 0x000001d7f164d0e0 Exception <a 'java/lang/reflect/InvocationTargetException'{0x00000006051817b0}> (0x00000006051817b0) 
thrown [s\src\hotspot\share\runtime\reflection.cpp, line 1121]
Event: 6.306 Thread 0x000001d7f164d0e0 Implicit null exception at 0x000001d787ce7a41 to 0x000001d787ce7b02

VM Operations (20 events):
Event: 5.835 Executing VM operation: ChangeBreakpoints
Event: 5.836 Executing VM operation: ChangeBreakpoints done
Event: 5.836 Executing VM operation: ChangeBreakpoints
Event: 5.837 Executing VM operation: ChangeBreakpoints done
Event: 5.837 Executing VM operation: ChangeBreakpoints
Event: 5.838 Executing VM operation: ChangeBreakpoints done
Event: 5.946 Executing VM operation: G1CollectForAllocation
Event: 5.953 Executing VM operation: G1CollectForAllocation done
Event: 6.156 Executing VM operation: HandshakeAllThreads
Event: 6.157 Executing VM operation: HandshakeAllThreads done
Event: 6.435 Executing VM operation: HandshakeAllThreads
Event: 6.435 Executing VM operation: HandshakeAllThreads done
Event: 6.503 Executing VM operation: HandshakeAllThreads
Event: 6.504 Executing VM operation: HandshakeAllThreads done
Event: 6.539 Executing VM operation: HandshakeAllThreads
Event: 6.539 Executing VM operation: HandshakeAllThreads done
Event: 6.540 Executing VM operation: HandshakeAllThreads
Event: 6.540 Executing VM operation: HandshakeAllThreads done
Event: 6.622 Executing VM operation: G1CollectForAllocation
Event: 6.628 Executing VM operation: G1CollectForAllocation done

Events (20 events):
Event: 6.174 loading class java/util/Base64$Encoder
Event: 6.174 loading class java/util/Base64$Encoder done
Event: 6.179 loading class java/nio/StringCharBuffer
Event: 6.179 loading class java/nio/StringCharBuffer done
Event: 6.412 loading class java/nio/charset/UnsupportedCharsetException
Event: 6.412 loading class java/nio/charset/UnsupportedCharsetException done
Event: 6.451 loading class java/util/regex/PatternSyntaxException
Event: 6.451 loading class java/util/regex/PatternSyntaxException done
Event: 6.461 loading class java/util/Comparators$NullComparator
Event: 6.461 loading class java/util/Comparators$NullComparator done
Event: 6.555 loading class java/util/HashMap$EntrySpliterator
Event: 6.556 loading class java/util/HashMap$EntrySpliterator done
Event: 6.620 loading class java/util/EnumMap$EntrySet
Event: 6.620 loading class java/util/EnumMap$EntrySet done
Event: 6.620 loading class java/util/EnumMap$EntryIterator
Event: 6.620 loading class java/util/EnumMap$EnumMapIterator
Event: 6.620 loading class java/util/EnumMap$EnumMapIterator done
Event: 6.620 loading class java/util/EnumMap$EntryIterator done
Event: 6.631 loading class java/lang/reflect/MalformedParametersException
Event: 6.631 loading class java/lang/reflect/MalformedParametersException done


Dynamic libraries:
0x00007ff6394c0000 - 0x00007ff6394ce000 	C:\Users\Administrator\.vscode\extensions\redhat.java-1.16.0-win32-x64\jre\17.0.6-win32-x86_64\bin\java.exe
0x00007ffdb5430000 - 0x00007ffdb5628000 	C:\Windows\SYSTEM32\ntdll.dll
0x00007ffdb4b70000 - 0x00007ffdb4c2d000 	C:\Windows\System32\KERNEL32.DLL
0x00007ffdb3030000 - 0x00007ffdb3326000 	C:\Windows\System32\KERNELBASE.dll
0x00007ffdb2c50000 - 0x00007ffdb2d50000 	C:\Windows\System32\ucrtbase.dll
0x00007ffdac300000 - 0x00007ffdac317000 	C:\Users\Administrator\.vscode\extensions\redhat.java-1.16.0-win32-x64\jre\17.0.6-win32-x86_64\bin\jli.dll
0x00007ffd97fb0000 - 0x00007ffd97fc9000 	C:\Users\Administrator\.vscode\extensions\redhat.java-1.16.0-win32-x64\jre\17.0.6-win32-x86_64\bin\VCRUNTIME140.dll
0x00007ffdb3460000 - 0x00007ffdb35ff000 	C:\Windows\System32\USER32.dll
0x00007ffd99620000 - 0x00007ffd998ba000 	C:\Windows\WinSxS\amd64_microsoft.windows.common-controls_6595b64144ccf1df_6.0.19041.3636_none_60b6a03d71f818d5\COMCTL32.dll
0x00007ffdb2df0000 - 0x00007ffdb2e12000 	C:\Windows\System32\win32u.dll
0x00007ffdb4e30000 - 0x00007ffdb4e5b000 	C:\Windows\System32\GDI32.dll
0x00007ffdb5270000 - 0x00007ffdb530e000 	C:\Windows\System32\msvcrt.dll
0x00007ffdb2ae0000 - 0x00007ffdb2bf7000 	C:\Windows\System32\gdi32full.dll
0x00007ffdb2d50000 - 0x00007ffdb2ded000 	C:\Windows\System32\msvcp_win.dll
0x00007ffdb4e60000 - 0x00007ffdb4e92000 	C:\Windows\System32\IMM32.DLL
0x00007ffdac850000 - 0x00007ffdac85c000 	C:\Users\Administrator\.vscode\extensions\redhat.java-1.16.0-win32-x64\jre\17.0.6-win32-x86_64\bin\vcruntime140_1.dll
0x00007ffd5b3d0000 - 0x00007ffd5b461000 	C:\Users\Administrator\.vscode\extensions\redhat.java-1.16.0-win32-x64\jre\17.0.6-win32-x86_64\bin\msvcp140.dll
0x00007ffd1a2e0000 - 0x00007ffd1af27000 	C:\Users\Administrator\.vscode\extensions\redhat.java-1.16.0-win32-x64\jre\17.0.6-win32-x86_64\bin\server\jvm.dll
0x00007ffdb4d80000 - 0x00007ffdb4e30000 	C:\Windows\System32\ADVAPI32.dll
0x00007ffdb4a60000 - 0x00007ffdb4b00000 	C:\Windows\System32\sechost.dll
0x00007ffdb46d0000 - 0x00007ffdb47f3000 	C:\Windows\System32\RPCRT4.dll
0x00007ffdb33c0000 - 0x00007ffdb33e7000 	C:\Windows\System32\bcrypt.dll
0x00007ffda22b0000 - 0x00007ffda22d7000 	C:\Windows\SYSTEM32\WINMM.dll
0x00007ffdac380000 - 0x00007ffdac389000 	C:\Windows\SYSTEM32\WSOCK32.dll
0x00007ffdb4b00000 - 0x00007ffdb4b6b000 	C:\Windows\System32\WS2_32.dll
0x00007ffdab340000 - 0x00007ffdab34a000 	C:\Windows\SYSTEM32\VERSION.dll
0x00007ffdb0870000 - 0x00007ffdb0882000 	C:\Windows\SYSTEM32\kernel.appcore.dll
0x00007ffdac330000 - 0x00007ffdac33a000 	C:\Users\Administrator\.vscode\extensions\redhat.java-1.16.0-win32-x64\jre\17.0.6-win32-x86_64\bin\jimage.dll
0x00007ffda1970000 - 0x00007ffda1b54000 	C:\Windows\SYSTEM32\DBGHELP.DLL
0x00007ffd930a0000 - 0x00007ffd930d4000 	C:\Windows\SYSTEM32\dbgcore.DLL
0x00007ffdb3330000 - 0x00007ffdb33b2000 	C:\Windows\System32\bcryptPrimitives.dll
0x00007ffd91b00000 - 0x00007ffd91b3b000 	C:\Users\Administrator\.vscode\extensions\redhat.java-1.16.0-win32-x64\jre\17.0.6-win32-x86_64\bin\jdwp.dll
0x00007ffd96b30000 - 0x00007ffd96b55000 	C:\Users\Administrator\.vscode\extensions\redhat.java-1.16.0-win32-x64\jre\17.0.6-win32-x86_64\bin\java.dll
0x00007ffd95e10000 - 0x00007ffd95e28000 	C:\Users\Administrator\.vscode\extensions\redhat.java-1.16.0-win32-x64\jre\17.0.6-win32-x86_64\bin\zip.dll
0x00007ffdb3af0000 - 0x00007ffdb425b000 	C:\Windows\System32\SHELL32.dll
0x00007ffdb0b50000 - 0x00007ffdb12ee000 	C:\Windows\SYSTEM32\windows.storage.dll
0x00007ffdb4f00000 - 0x00007ffdb5253000 	C:\Windows\System32\combase.dll
0x00007ffdb2430000 - 0x00007ffdb245e000 	C:\Windows\SYSTEM32\Wldp.dll
0x00007ffdb4cb0000 - 0x00007ffdb4d7d000 	C:\Windows\System32\OLEAUT32.dll
0x00007ffdb4890000 - 0x00007ffdb493d000 	C:\Windows\System32\SHCORE.dll
0x00007ffdb4ea0000 - 0x00007ffdb4ef5000 	C:\Windows\System32\shlwapi.dll
0x00007ffdb2a10000 - 0x00007ffdb2a33000 	C:\Windows\SYSTEM32\profapi.dll
0x00007ffdacae0000 - 0x00007ffdacaec000 	C:\Users\Administrator\.vscode\extensions\redhat.java-1.16.0-win32-x64\jre\17.0.6-win32-x86_64\bin\dt_socket.dll
0x00007ffdb1ec0000 - 0x00007ffdb1efb000 	C:\Windows\SYSTEM32\IPHLPAPI.DLL
0x00007ffdb2210000 - 0x00007ffdb227a000 	C:\Windows\system32\mswsock.dll
0x00007ffdb1f00000 - 0x00007ffdb1fcb000 	C:\Windows\SYSTEM32\DNSAPI.dll
0x00007ffdb4a50000 - 0x00007ffdb4a58000 	C:\Windows\System32\NSI.dll
0x00000000545e0000 - 0x0000000054606000 	C:\Program Files\Bonjour\mdnsNSP.dll
0x00007ffdab4a0000 - 0x00007ffdab4aa000 	C:\Windows\System32\rasadhlp.dll
0x00007ffda8ce0000 - 0x00007ffda8d60000 	C:\Windows\System32\fwpuclnt.dll
0x00007ffd91ce0000 - 0x00007ffd91cf9000 	C:\Users\Administrator\.vscode\extensions\redhat.java-1.16.0-win32-x64\jre\17.0.6-win32-x86_64\bin\net.dll
0x00007ffdabf30000 - 0x00007ffdac03a000 	C:\Windows\SYSTEM32\WINHTTP.dll
0x00007ffd8eef0000 - 0x00007ffd8ef05000 	C:\Users\Administrator\.vscode\extensions\redhat.java-1.16.0-win32-x64\jre\17.0.6-win32-x86_64\bin\nio.dll
0x00007ffdb2470000 - 0x00007ffdb2488000 	C:\Windows\SYSTEM32\CRYPTSP.dll
0x00007ffdb1ae0000 - 0x00007ffdb1b14000 	C:\Windows\system32\rsaenh.dll
0x00007ffdb2990000 - 0x00007ffdb29be000 	C:\Windows\SYSTEM32\USERENV.dll
0x00007ffdb23a0000 - 0x00007ffdb23ac000 	C:\Windows\SYSTEM32\CRYPTBASE.dll
0x00007ffdac480000 - 0x00007ffdac497000 	C:\Windows\SYSTEM32\dhcpcsvc6.DLL
0x00007ffdac440000 - 0x00007ffdac45d000 	C:\Windows\SYSTEM32\dhcpcsvc.DLL
0x00007ffd993e0000 - 0x00007ffd993ee000 	C:\Users\Administrator\.vscode\extensions\redhat.java-1.16.0-win32-x64\jre\17.0.6-win32-x86_64\bin\sunmscapi.dll
0x00007ffdb2e20000 - 0x00007ffdb2f7e000 	C:\Windows\System32\CRYPT32.dll
0x00007ffdb2580000 - 0x00007ffdb25a8000 	C:\Windows\SYSTEM32\ncrypt.dll
0x00007ffdb2540000 - 0x00007ffdb257b000 	C:\Windows\SYSTEM32\NTASN1.dll
0x00007ffd9aa70000 - 0x00007ffd9aa79000 	C:\Users\Administrator\.vscode\extensions\redhat.java-1.16.0-win32-x64\jre\17.0.6-win32-x86_64\bin\management.dll
0x00007ffd9aa60000 - 0x00007ffd9aa6b000 	C:\Users\Administrator\.vscode\extensions\redhat.java-1.16.0-win32-x64\jre\17.0.6-win32-x86_64\bin\management_ext.dll
0x00007ffdb5260000 - 0x00007ffdb5268000 	C:\Windows\System32\PSAPI.DLL
0x00007ffda0f70000 - 0x00007ffda0f80000 	C:\Users\Administrator\.vscode\extensions\redhat.java-1.16.0-win32-x64\jre\17.0.6-win32-x86_64\bin\verify.dll

dbghelp: loaded successfully - version: 4.0.5 - missing functions: none
symbol engine: initialized successfully - sym options: 0x614 - pdb path: .;C:\Users\Administrator\.vscode\extensions\redhat.java-1.16.0-win32-x64\jre\17.0.6-win32-x86_64\bin;C:\Windows\SYSTEM32;C:\Windows\WinSxS\amd64_microsoft.windows.common-controls_6595b64144ccf1df_6.0.19041.3636_none_60b6a03d71f818d5;C:\Users\Administrator\.vscode\extensions\redhat.java-1.16.0-win32-x64\jre\17.0.6-win32-x86_64\bin\server;C:\Program Files\Bonjour

VM Arguments:
jvm_args: -agentlib:jdwp=transport=dt_socket,server=n,suspend=y,address=localhost:65374 -XX:+ShowCodeDetailsInExceptionMessages 
java_command: com.ecobill.ecobill.EcobillApplication
java_class_path (initial): H:\UPM\Second Year Second Semester\SE324\Project EcoBill\backend\ecobill\target\classes;C:\Users\Administrator\.m2\repository\org\springframework\boot\spring-boot-starter-data-jpa\3.1.0\spring-boot-starter-data-jpa-3.1.0.jar;C:\Users\Administrator\.m2\repository\org\springframework\boot\spring-boot-starter-aop\3.1.0\spring-boot-starter-aop-3.1.0.jar;C:\Users\Administrator\.m2\repository\org\aspectj\aspectjweaver\1.9.19\aspectjweaver-1.9.19.jar;C:\Users\Administrator\.m2\repository\org\springframework\boot\spring-boot-starter-jdbc\3.1.0\spring-boot-starter-jdbc-3.1.0.jar;C:\Users\Administrator\.m2\repository\com\zaxxer\HikariCP\5.0.1\HikariCP-5.0.1.jar;C:\Users\Administrator\.m2\repository\org\springframework\spring-jdbc\6.0.9\spring-jdbc-6.0.9.jar;C:\Users\Administrator\.m2\repository\org\hibernate\orm\hibernate-core\6.2.2.Final\hibernate-core-6.2.2.Final.jar;C:\Users\Administrator\.m2\repository\jakarta\persistence\jakarta.persistence-api\3.1.0\jakarta.persistence-api-3.1.0.jar;C:\Users\Administrator\.m2\repository\jakarta\transaction\jakarta.transaction-api\2.0.1\jakarta.transaction-api-2.0.1.jar;C:\Users\Administrator\.m2\repository\org\jboss\logging\jboss-logging\3.5.0.Final\jboss-logging-3.5.0.Final.jar;C:\Users\Administrator\.m2\repository\org\hibernate\common\hibernate-commons-annotations\6.0.6.Final\hibernate-commons-annotations-6.0.6.Final.jar;C:\Users\Administrator\.m2\repository\io\smallrye\jandex\3.0.5\jandex-3.0.5.jar;C:\Users\Administrator\.m2\repository\com\fasterxml\classmate\1.5.1\classmate-1.5.1.jar;C:\Users\Administrator\.m2\repository\net\bytebuddy\byte-buddy\1.14.4\byte-buddy-1.14.4.jar;C:\Users\Administrator\.m2\repository\org\glassfish\jaxb\jaxb-runtime\4.0.2\jaxb-runtime-4.0.2.jar;C:\Users\Administrator\.m2\repository\org\glassfish\jaxb\jaxb-core\4.0.2\jaxb-core-4.0.2.jar;C:\Users\Administrator\.m2\repository\org\eclipse\angus\angus-activation\2.0.0\angus-activation-2.0.0.jar;C:\Users\Administrator\.m2\repository\
Launcher Type: SUN_STANDARD

[Global flags]
     intx CICompilerCount                          = 15                                        {product} {ergonomic}
     uint ConcGCThreads                            = 6                                         {product} {ergonomic}
     uint G1ConcRefinementThreads                  = 23                                        {product} {ergonomic}
   size_t G1HeapRegionSize                         = 4194304                                   {product} {ergonomic}
    uintx GCDrainStackTargetSize                   = 64                                        {product} {ergonomic}
   size_t InitialHeapSize                          = 536870912                                 {product} {ergonomic}
   size_t MarkStackSize                            = 4194304                                   {product} {ergonomic}
   size_t MaxHeapSize                              = 8573157376                                {product} {ergonomic}
   size_t MaxNewSize                               = 5142216704                                {product} {ergonomic}
   size_t MinHeapDeltaBytes                        = 4194304                                   {product} {ergonomic}
   size_t MinHeapSize                              = 8388608                                   {product} {ergonomic}
    uintx NonNMethodCodeHeapSize                   = 8192380                                {pd product} {ergonomic}
    uintx NonProfiledCodeHeapSize                  = 121732930                              {pd product} {ergonomic}
    uintx ProfiledCodeHeapSize                     = 121732930                              {pd product} {ergonomic}
    uintx ReservedCodeCacheSize                    = 251658240                              {pd product} {ergonomic}
     bool SegmentedCodeCache                       = true                                      {product} {ergonomic}
     bool ShowCodeDetailsInExceptionMessages       = true                                   {manageable} {command line}
   size_t SoftMaxHeapSize                          = 8573157376                             {manageable} {ergonomic}
     bool UseCompressedClassPointers               = true                           {product lp64_product} {ergonomic}
     bool UseCompressedOops                        = true                           {product lp64_product} {ergonomic}
     bool UseG1GC                                  = true                                      {product} {ergonomic}
     bool UseLargePagesIndividualAllocation        = false                                  {pd product} {ergonomic}

Logging:
Log output configuration:
 #0: stdout all=warning uptime,level,tags
 #1: stderr all=off uptime,level,tags

Environment Variables:
JAVA_HOME=C:\Program Files\Java\jdk-20
PATH=C:\Program Files\Common Files\Oracle\Java\javapath;C:\Python311\Scripts\;C:\Python311\;C:\Program Files (x86)\Common Files\Oracle\Java\javapath;C:\Windows\system32;C:\Windows;C:\Windows\System32\Wbem;C:\Windows\System32\WindowsPowerShell\v1.0\;C:\Program Files\NVIDIA Corporation\NVIDIA NvDLISR;C:\Program Files\dotnet\;C:\Program Files (x86)\NVIDIA Corporation\PhysX\Common;C:\dart-sdk;C:\dart-sdk\bin;C:\Program Files\nodejs\;C:\ProgramData\chocolatey\bin;C:\Users\Administrator\Downloads\apache-maven-3.9.5-bin\apache-maven-3.9.5\bin;C:\Users\Administrator\AppData\Local\nvim;C:\php-8.3.3;C:\Program Files\Git\cmd;C:\nvim;C:\apache-maven-3.9.6\bin;C:\Program Files\Java\jdk-20\bin;C:\Docker\docker-compose-windows-x86_64.exe;;C:\Program Files\Docker\Docker\resources\bin;C:\Program Files (x86)\Gpg4win\..\GnuPG\bin;C:\Users\Administrator\AppData\Local\Microsoft\WindowsApps;C:\Users\Administrator\AppData\Local\Programs\Microsoft VS Code\bin;C:\Users\Administrator\.dotnet\tools;C:\Users\Administrator\AppData\Roaming\npm;C:\src\flutter\bin;C:\php-8.3.3;C:\nvim;E:\Program Files\Neovim\bin
USERNAME=Administrator
LANG=en_US.UTF-8
OS=Windows_NT
PROCESSOR_IDENTIFIER=AMD64 Family 23 Model 113 Stepping 0, AuthenticAMD
TMP=C:\Users\ADMINI~1\AppData\Local\Temp
TEMP=C:\Users\ADMINI~1\AppData\Local\Temp



---------------  S Y S T E M  ---------------

OS:
 Windows 10 , 64 bit Build 19041 (10.0.19041.3636)
OS uptime: 5 days 12:45 hours
Hyper-V role detected

CPU: total 32 (initial active 32) (32 cores per cpu, 2 threads per core) family 23 model 113 stepping 0 microcode 0x0, cx8, cmov, fxsr, ht, mmx, 3dnowpref, sse, sse2, sse3, ssse3, sse4a, sse4.1, sse4.2, popcnt, lzcnt, tsc, tscinvbit, avx, avx2, aes, clmul, bmi1, bmi2, adx, sha, fma, vzeroupper, clflush, clflushopt, hv

Memory: 4k page, system-wide physical 32690M (6722M free)
TotalPageFile size 41196M (AvailPageFile size 10M)
current process WorkingSet (physical memory assigned to process): 608M, peak: 614M
current process commit charge ("private bytes"): 679M, peak: 685M

vm_info: OpenJDK 64-Bit Server VM (17.0.6+10) for windows-amd64 JRE (17.0.6+10), built on Jan 18 2023 10:08:59 by "temurin" with MS VC++ 16.7 (VS2019)

END.
